<?xml version="1.0" encoding="UTF-8"?>
<!-- Generated by org.testng.reporters.JUnitReportReporter -->
<testsuite skipped="0" hostname="Mds-MBP-2" name="CreateIssueTest" tests="1" failures="0" timestamp="2020-05-27T20:09:07 EDT" time="1.563" errors="0">
  <testcase name="createIssue" time="1.563" classname="CreateIssueTest"/>
</testsuite> <!-- CreateIssueTest -->
